# JRE version: Java(TM) SE Runtime Environment (17.0.10+11) (build 17.0.10+11-LTS-240)
# Java VM: Java HotSpot(TM) 64-Bit Server VM (17.0.10+11-LTS-240, mixed mode, sharing, tiered, compressed oops, compressed class ptrs, g1 gc, windows-amd64)
GC Precious Log:
 CPUs: 8 total, 8 available
 Memory: 32502M
 Large Page Support: Disabled
 NUMA Support: Disabled
 Compressed Oops: Enabled (Zero based)
 Heap Region Size: 4M
 Heap Min Capacity: 8M
 Heap Initial Capacity: 508M
 Heap Max Capacity: 8128M
 Pre-touch: Disabled
 Parallel Workers: 8
 Concurrent Workers: 2
 Concurrent Refinement Workers: 8
 Periodic GC: Disabled
Heap:
 garbage-first heap   total 315392K, used 155880K [0x0000000604000000, 0x0000000800000000)
  region size 4096K, 31 young (126976K), 1 survivors (4096K)
 Metaspace       used 77870K, committed 78592K, reserved 1179648K
  class space    used 10528K, committed 10880K, reserved 1048576K
GC Heap History (20 events):
Event: 4.180 GC heap after
{Heap after GC invocations=14 (full 0):
 garbage-first heap   total 69632K, used 24107K [0x0000000604000000, 0x0000000800000000)
  region size 4096K, 1 young (4096K), 1 survivors (4096K)
 Metaspace       used 54635K, committed 55104K, reserved 1114112K
  class space    used 7449K, committed 7680K, reserved 1048576K
}
Event: 4.466 GC heap before
{Heap before GC invocations=14 (full 0):
 garbage-first heap   total 69632K, used 48683K [0x0000000604000000, 0x0000000800000000)
  region size 4096K, 7 young (28672K), 1 survivors (4096K)
 Metaspace       used 58531K, committed 58944K, reserved 1114112K
  class space    used 7935K, committed 8128K, reserved 1048576K
}
Event: 4.470 GC heap after
{Heap after GC invocations=15 (full 0):
 garbage-first heap   total 69632K, used 25735K [0x0000000604000000, 0x0000000800000000)
  region size 4096K, 1 young (4096K), 1 survivors (4096K)
 Metaspace       used 58531K, committed 58944K, reserved 1114112K
  class space    used 7935K, committed 8128K, reserved 1048576K
}
Event: 4.604 GC heap before
{Heap before GC invocations=15 (full 0):
 garbage-first heap   total 69632K, used 38023K [0x0000000604000000, 0x0000000800000000)
  region size 4096K, 5 young (20480K), 1 survivors (4096K)
 Metaspace       used 60021K, committed 60416K, reserved 1114112K
  class space    used 8123K, committed 8320K, reserved 1048576K
}
Event: 4.608 GC heap after
{Heap after GC invocations=16 (full 0):
 garbage-first heap   total 294912K, used 26641K [0x0000000604000000, 0x0000000800000000)
  region size 4096K, 1 young (4096K), 1 survivors (4096K)
 Metaspace       used 60021K, committed 60416K, reserved 1114112K
  class space    used 8123K, committed 8320K, reserved 1048576K
}
Event: 5.041 GC heap before
{Heap before GC invocations=17 (full 0):
 garbage-first heap   total 110592K, used 88081K [0x0000000604000000, 0x0000000800000000)
  region size 4096K, 16 young (65536K), 1 survivors (4096K)
 Metaspace       used 62780K, committed 63296K, reserved 1114112K
  class space    used 8712K, committed 8960K, reserved 1048576K
}
Event: 5.045 GC heap after
{Heap after GC invocations=18 (full 0):
 garbage-first heap   total 110592K, used 29250K [0x0000000604000000, 0x0000000800000000)
  region size 4096K, 2 young (8192K), 2 survivors (8192K)
 Metaspace       used 62780K, committed 63296K, reserved 1114112K
  class space    used 8712K, committed 8960K, reserved 1048576K
}
Event: 5.063 GC heap before
{Heap before GC invocations=18 (full 0):
 garbage-first heap   total 110592K, used 33346K [0x0000000604000000, 0x0000000800000000)
  region size 4096K, 3 young (12288K), 2 survivors (8192K)
 Metaspace       used 62905K, committed 63360K, reserved 1114112K
  class space    used 8743K, committed 8960K, reserved 1048576K
}
Event: 5.066 GC heap after
{Heap after GC invocations=19 (full 0):
 garbage-first heap   total 110592K, used 29368K [0x0000000604000000, 0x0000000800000000)
  region size 4096K, 1 young (4096K), 1 survivors (4096K)
 Metaspace       used 62905K, committed 63360K, reserved 1114112K
  class space    used 8743K, committed 8960K, reserved 1048576K
}
Event: 5.804 GC heap before
{Heap before GC invocations=19 (full 0):
 garbage-first heap   total 110592K, used 82616K [0x0000000604000000, 0x0000000800000000)
  region size 4096K, 14 young (57344K), 1 survivors (4096K)
 Metaspace       used 68781K, committed 69312K, reserved 1114112K
  class space    used 9480K, committed 9728K, reserved 1048576K
}
Event: 5.808 GC heap after
{Heap after GC invocations=20 (full 0):
 garbage-first heap   total 110592K, used 32459K [0x0000000604000000, 0x0000000800000000)
  region size 4096K, 1 young (4096K), 1 survivors (4096K)
 Metaspace       used 68781K, committed 69312K, reserved 1114112K
  class space    used 9480K, committed 9728K, reserved 1048576K
}
Event: 5.996 GC heap before
{Heap before GC invocations=21 (full 0):
 garbage-first heap   total 110592K, used 85707K [0x0000000604000000, 0x0000000800000000)
  region size 4096K, 14 young (57344K), 1 survivors (4096K)
 Metaspace       used 69023K, committed 69568K, reserved 1114112K
  class space    used 9494K, committed 9728K, reserved 1048576K
}
Event: 5.999 GC heap after
{Heap after GC invocations=22 (full 0):
 garbage-first heap   total 110592K, used 32954K [0x0000000604000000, 0x0000000800000000)
  region size 4096K, 2 young (8192K), 2 survivors (8192K)
 Metaspace       used 69023K, committed 69568K, reserved 1114112K
  class space    used 9494K, committed 9728K, reserved 1048576K
}
Event: 6.128 GC heap before
{Heap before GC invocations=22 (full 0):
 garbage-first heap   total 110592K, used 78010K [0x0000000604000000, 0x0000000800000000)
  region size 4096K, 14 young (57344K), 2 survivors (8192K)
 Metaspace       used 69112K, committed 69568K, reserved 1114112K
  class space    used 9494K, committed 9728K, reserved 1048576K
}
Event: 6.131 GC heap after
{Heap after GC invocations=23 (full 0):
 garbage-first heap   total 110592K, used 34606K [0x0000000604000000, 0x0000000800000000)
  region size 4096K, 1 young (4096K), 1 survivors (4096K)
 Metaspace       used 69112K, committed 69568K, reserved 1114112K
  class space    used 9494K, committed 9728K, reserved 1048576K
}
Event: 6.232 GC heap before
{Heap before GC invocations=23 (full 0):
 garbage-first heap   total 110592K, used 79662K [0x0000000604000000, 0x0000000800000000)
  region size 4096K, 13 young (53248K), 1 survivors (4096K)
 Metaspace       used 69213K, committed 69696K, reserved 1114112K
  class space    used 9501K, committed 9728K, reserved 1048576K
}
Event: 6.234 GC heap after
{Heap after GC invocations=24 (full 0):
 garbage-first heap   total 110592K, used 35083K [0x0000000604000000, 0x0000000800000000)
  region size 4096K, 1 young (4096K), 1 survivors (4096K)
 Metaspace       used 69213K, committed 69696K, reserved 1114112K
  class space    used 9501K, committed 9728K, reserved 1048576K
}
Event: 6.558 GC heap before
{Heap before GC invocations=24 (full 0):
 garbage-first heap   total 110592K, used 84235K [0x0000000604000000, 0x0000000800000000)
  region size 4096K, 13 young (53248K), 1 survivors (4096K)
 Metaspace       used 70955K, committed 71552K, reserved 1114112K
  class space    used 9723K, committed 9984K, reserved 1048576K
}
Event: 6.561 GC heap after
{Heap after GC invocations=25 (full 0):
 garbage-first heap   total 315392K, used 33199K [0x0000000604000000, 0x0000000800000000)
  region size 4096K, 1 young (4096K), 1 survivors (4096K)
 Metaspace       used 70955K, committed 71552K, reserved 1114112K
  class space    used 9723K, committed 9984K, reserved 1048576K
}
Event: 1214.513 GC heap before
{Heap before GC invocations=25 (full 0):
 garbage-first heap   total 315392K, used 147887K [0x0000000604000000, 0x0000000800000000)
  region size 4096K, 31 young (126976K), 1 survivors (4096K)
 Metaspace       used 77870K, committed 78592K, reserved 1179648K
  class space    used 10528K, committed 10880K, reserved 1048576K
}

